<?xml version="1.0" encoding="UTF-8" ?>
<testsuite tests="3" failures="1" name="com.danibuiza.firstexample.AppTest" time="0.089" errors="0" skipped="0">
  <properties>
[...]
</properties>
  <testcase classname="com.danibuiza.firstexample.AppTest" name="testAppDivide" time="0.089">
    <failure message="expected:&lt;83.0&gt; but was:&lt;8.0&gt;" type="junit.framework.AssertionFailedError">junit.framework.AssertionFailedError: expected:&lt;83.0&gt; but was:&lt;8.0&gt;
	at junit.framework.Assert.fail(Assert.java:47)
	at junit.framework.Assert.failNotEquals(Assert.java:282)
	at junit.framework.Assert.assertEquals(Assert.java:64)
	at junit.framework.Assert.assertEquals(Assert.java:71)
	at com.danibuiza.firstexample.AppTest.testAppDivide(AppTest.java:43)
</failure>
  </testcase>
  <testcase classname="com.danibuiza.firstexample.AppTest" name="testApp" time="0"/>
  <testcase classname="com.danibuiza.firstexample.AppTest" name="testAppAddition" time="0"/>
</testsuite>